0 info it worked if it ends with ok
1 verbose cli [ '/usr/local/bin/node',
1 verbose cli   '/usr/local/bin/npm',
1 verbose cli   'version',
1 verbose cli   '0.5.4' ]
2 info using npm@1.3.21
3 info using node@v0.10.24
4 error Error: Git working directory not clean.
4 error M block/fields.js
4 error M block/index.js
4 error M block/templates/_formfields/checkbox.tpl.php
4 error M block/templates/_formfields/datetime.tpl.php
4 error M block/templates/_formfields/download.tpl.php
4 error M block/templates/_formfields/image.tpl.php
4 error M block/templates/_formfields/input.tpl.php
4 error M block/templates/_formfields/linkintern.tpl.php
4 error M block/templates/_formfields/om/checkbox.tpl.php
4 error D block/templates/_formfields/om/datetime.tpl.php
4 error M block/templates/_formfields/om/download.tpl.php
4 error M block/templates/_formfields/om/image.tpl.php
4 error M block/templates/_formfields/om/input.tpl.php
4 error M block/templates/_formfields/om/linkintern.tpl.php
4 error M block/templates/_formfields/om/select.tpl.php
4 error M block/templates/_formfields/om/textarea.tpl.php
4 error M block/templates/_formfields/select.tpl.php
4 error M block/templates/_formfields/textarea.tpl.php
4 error M block/templates/_formfields/tiny.tpl.php
4 error M block/templates/blocks/_block/auto.js
4 error M block/templates/blocks/_block/om_controller.php
4 error M block/templates/blocks/_block/om_form.php
4 error M block/templates/blocks/_block/view.php
4 error M block/templates/elements/editor_config.php
4 error M block/templates/elements/row.php
4 error M block/templates/libraries/Mustache.php
4 error     at /usr/local/lib/node_modules/npm/lib/version.js:98:35
4 error     at ChildProcess.exithandler (child_process.js:635:7)
4 error     at ChildProcess.EventEmitter.emit (events.js:98:17)
4 error     at maybeClose (child_process.js:735:16)
4 error     at Process.ChildProcess._handle.onexit (child_process.js:802:5)
5 error If you need help, you may report this *entire* log,
5 error including the npm and node versions, at:
5 error     <http://github.com/isaacs/npm/issues>
6 error System Linux 2.6.32-431.3.1.el6.x86_64
7 error command "/usr/local/bin/node" "/usr/local/bin/npm" "version" "0.5.4"
8 error cwd /var/www/vhosts/webdev/httpdocs/generator-c5
9 error node -v v0.10.24
10 error npm -v 1.3.21
11 verbose exit [ 1, true ]
